CRITICAL - 2023-08-21 16:12:31 --> Call to undefined function url()
in APPPATH\Views\main.php on line 29.
 1 SYSTEMPATH\View\View.php(224): include()
 2 SYSTEMPATH\View\View.php(227): CodeIgniter\View\View->CodeIgniter\View\{closure}()
 3 SYSTEMPATH\Common.php(1176): CodeIgniter\View\View->render('main', [], true)
 4 APPPATH\Controllers\Home.php(9): view('main')
 5 SYSTEMPATH\CodeIgniter.php(932): App\Controllers\Home->index()
 6 SYSTEMPATH\CodeIgniter.php(497): CodeIgniter\CodeIgniter->runController(Object(App\Controllers\Home))
 7 SYSTEMPATH\CodeIgniter.php(366): CodeIgniter\CodeIgniter->handleRequest(null, Object(Config\Cache), false)
 8 FCPATH\index.php(67): CodeIgniter\CodeIgniter->run()
CRITICAL - 2023-08-21 16:14:03 --> The route for "https://mdbcdn.b-cdn.net/img/new/slides/041.webp" cannot be found.
in SYSTEMPATH\Helpers\url_helper.php on line 599.
 1 SYSTEMPATH\Helpers\url_helper.php(599): CodeIgniter\Router\Exceptions\RouterException::forInvalidRoute('https://mdbcdn.b-cdn.net/img/new/slides/041.webp')
 2 APPPATH\Views\main.php(29): url_to('https://mdbcdn.b-cdn.net/img/new/slides/041.webp')
 3 SYSTEMPATH\View\View.php(224): include('D:\\ARCHIVOS PROGRAMAS INSTALADOS\\Xampp\\htdocs\\Proyecto_Final\\app\\Views\\main.php')
 4 SYSTEMPATH\View\View.php(227): CodeIgniter\View\View->CodeIgniter\View\{closure}()
 5 SYSTEMPATH\Common.php(1176): CodeIgniter\View\View->render('main', [], true)
 6 APPPATH\Controllers\Home.php(9): view('main')
 7 SYSTEMPATH\CodeIgniter.php(932): App\Controllers\Home->index()
 8 SYSTEMPATH\CodeIgniter.php(497): CodeIgniter\CodeIgniter->runController(Object(App\Controllers\Home))
 9 SYSTEMPATH\CodeIgniter.php(366): CodeIgniter\CodeIgniter->handleRequest(null, Object(Config\Cache), false)
10 FCPATH\index.php(67): CodeIgniter\CodeIgniter->run()
CRITICAL - 2023-08-21 16:14:30 --> The route for "https://mdbcdn.b-cdn.net/img/new/slides/041.webp" cannot be found.
in SYSTEMPATH\Helpers\url_helper.php on line 599.
 1 SYSTEMPATH\Helpers\url_helper.php(599): CodeIgniter\Router\Exceptions\RouterException::forInvalidRoute('https://mdbcdn.b-cdn.net/img/new/slides/041.webp')
 2 APPPATH\Views\main.php(29): url_to('https://mdbcdn.b-cdn.net/img/new/slides/041.webp')
 3 SYSTEMPATH\View\View.php(224): include('D:\\ARCHIVOS PROGRAMAS INSTALADOS\\Xampp\\htdocs\\Proyecto_Final\\app\\Views\\main.php')
 4 SYSTEMPATH\View\View.php(227): CodeIgniter\View\View->CodeIgniter\View\{closure}()
 5 SYSTEMPATH\Common.php(1176): CodeIgniter\View\View->render('main', [], true)
 6 APPPATH\Controllers\Home.php(9): view('main')
 7 SYSTEMPATH\CodeIgniter.php(932): App\Controllers\Home->index()
 8 SYSTEMPATH\CodeIgniter.php(497): CodeIgniter\CodeIgniter->runController(Object(App\Controllers\Home))
 9 SYSTEMPATH\CodeIgniter.php(366): CodeIgniter\CodeIgniter->handleRequest(null, Object(Config\Cache), false)
10 FCPATH\index.php(67): CodeIgniter\CodeIgniter->run()
CRITICAL - 2023-08-21 16:14:52 --> The route for "https://mdbcdn.b-cdn.net/img/new/slides/041.webp" cannot be found.
in SYSTEMPATH\Helpers\url_helper.php on line 599.
 1 SYSTEMPATH\Helpers\url_helper.php(599): CodeIgniter\Router\Exceptions\RouterException::forInvalidRoute('https://mdbcdn.b-cdn.net/img/new/slides/041.webp')
 2 APPPATH\Views\main.php(29): url_to('https://mdbcdn.b-cdn.net/img/new/slides/041.webp')
 3 SYSTEMPATH\View\View.php(224): include('D:\\ARCHIVOS PROGRAMAS INSTALADOS\\Xampp\\htdocs\\Proyecto_Final\\app\\Views\\main.php')
 4 SYSTEMPATH\View\View.php(227): CodeIgniter\View\View->CodeIgniter\View\{closure}()
 5 SYSTEMPATH\Common.php(1176): CodeIgniter\View\View->render('main', [], true)
 6 APPPATH\Controllers\Home.php(9): view('main')
 7 SYSTEMPATH\CodeIgniter.php(932): App\Controllers\Home->index()
 8 SYSTEMPATH\CodeIgniter.php(497): CodeIgniter\CodeIgniter->runController(Object(App\Controllers\Home))
 9 SYSTEMPATH\CodeIgniter.php(366): CodeIgniter\CodeIgniter->handleRequest(null, Object(Config\Cache), false)
10 FCPATH\index.php(67): CodeIgniter\CodeIgniter->run()
