CRITICAL - 2023-08-24 06:25:24 --> Invalid file: "Tienda/H_Manuales/alic_y_pin.php"
in SYSTEMPATH\Exceptions\FrameworkException.php on line 33.
 1 SYSTEMPATH\View\View.php(212): CodeIgniter\Exceptions\FrameworkException::forInvalidFile('Tienda/H_Manuales/alic_y_pin.php')
 2 SYSTEMPATH\Common.php(1176): CodeIgniter\View\View->render('Tienda/H_Manuales/alic_y_pin', [], true)
 3 APPPATH\Controllers\H_Manuales.php(9): view('Tienda/H_Manuales/alic_y_pin')
 4 SYSTEMPATH\CodeIgniter.php(932): App\Controllers\H_Manuales->alicates_pinzas()
 5 SYSTEMPATH\CodeIgniter.php(497): CodeIgniter\CodeIgniter->runController(Object(App\Controllers\H_Manuales))
 6 SYSTEMPATH\CodeIgniter.php(366): CodeIgniter\CodeIgniter->handleRequest(null, Object(Config\Cache), false)
 7 FCPATH\index.php(67): CodeIgniter\CodeIgniter->run()
CRITICAL - 2023-08-24 06:50:51 --> Invalid file: "Tienda/E_Soldadura/marti.php"
in SYSTEMPATH\Exceptions\FrameworkException.php on line 33.
 1 SYSTEMPATH\View\View.php(212): CodeIgniter\Exceptions\FrameworkException::forInvalidFile('Tienda/E_Soldadura/marti.php')
 2 SYSTEMPATH\Common.php(1176): CodeIgniter\View\View->render('Tienda/E_Soldadura/marti', [], true)
 3 APPPATH\Controllers\H_Manuales.php(17): view('Tienda/E_Soldadura/marti')
 4 SYSTEMPATH\CodeIgniter.php(932): App\Controllers\H_Manuales->martillos()
 5 SYSTEMPATH\CodeIgniter.php(497): CodeIgniter\CodeIgniter->runController(Object(App\Controllers\H_Manuales))
 6 SYSTEMPATH\CodeIgniter.php(366): CodeIgniter\CodeIgniter->handleRequest(null, Object(Config\Cache), false)
 7 FCPATH\index.php(67): CodeIgniter\CodeIgniter->run()
CRITICAL - 2023-08-24 07:06:03 --> Invalid file: "Tienda/E_Soldadura/mig.php"
in SYSTEMPATH\Exceptions\FrameworkException.php on line 33.
 1 SYSTEMPATH\View\View.php(212): CodeIgniter\Exceptions\FrameworkException::forInvalidFile('Tienda/E_Soldadura/mig.php')
 2 SYSTEMPATH\Common.php(1176): CodeIgniter\View\View->render('Tienda/E_Soldadura/mig', [], true)
 3 APPPATH\Controllers\E_Soldadura.php(17): view('Tienda/E_Soldadura/mig')
 4 SYSTEMPATH\CodeIgniter.php(932): App\Controllers\E_Soldadura->mig()
 5 SYSTEMPATH\CodeIgniter.php(497): CodeIgniter\CodeIgniter->runController(Object(App\Controllers\E_Soldadura))
 6 SYSTEMPATH\CodeIgniter.php(366): CodeIgniter\CodeIgniter->handleRequest(null, Object(Config\Cache), false)
 7 FCPATH\index.php(67): CodeIgniter\CodeIgniter->run()
CRITICAL - 2023-08-24 07:30:32 --> Invalid file: "Tienda/H_Electricas/atorn.php"
in SYSTEMPATH\Exceptions\FrameworkException.php on line 33.
 1 SYSTEMPATH\View\View.php(212): CodeIgniter\Exceptions\FrameworkException::forInvalidFile('Tienda/H_Electricas/atorn.php')
 2 SYSTEMPATH\Common.php(1176): CodeIgniter\View\View->render('Tienda/H_Electricas/atorn', [], true)
 3 APPPATH\Controllers\H_Electricas.php(9): view('Tienda/H_Electricas/atorn')
 4 SYSTEMPATH\CodeIgniter.php(932): App\Controllers\H_Electricas->atornilladores()
 5 SYSTEMPATH\CodeIgniter.php(497): CodeIgniter\CodeIgniter->runController(Object(App\Controllers\H_Electricas))
 6 SYSTEMPATH\CodeIgniter.php(366): CodeIgniter\CodeIgniter->handleRequest(null, Object(Config\Cache), false)
 7 FCPATH\index.php(67): CodeIgniter\CodeIgniter->run()
CRITICAL - 2023-08-24 07:30:34 --> Invalid file: "Tienda/H_Electricas/talad.php"
in SYSTEMPATH\Exceptions\FrameworkException.php on line 33.
 1 SYSTEMPATH\View\View.php(212): CodeIgniter\Exceptions\FrameworkException::forInvalidFile('Tienda/H_Electricas/talad.php')
 2 SYSTEMPATH\Common.php(1176): CodeIgniter\View\View->render('Tienda/H_Electricas/talad', [], true)
 3 APPPATH\Controllers\H_Electricas.php(13): view('Tienda/H_Electricas/talad')
 4 SYSTEMPATH\CodeIgniter.php(932): App\Controllers\H_Electricas->taladros()
 5 SYSTEMPATH\CodeIgniter.php(497): CodeIgniter\CodeIgniter->runController(Object(App\Controllers\H_Electricas))
 6 SYSTEMPATH\CodeIgniter.php(366): CodeIgniter\CodeIgniter->handleRequest(null, Object(Config\Cache), false)
 7 FCPATH\index.php(67): CodeIgniter\CodeIgniter->run()
ERROR - 2023-08-24 23:57:05 --> Error connecting to the database: mysqli_sql_exception: Unknown database 'electrocordoba' in C:\xampp\htdocs\Proyecto_Final\system\Database\MySQLi\Connection.php:173
Stack trace:
#0 C:\xampp\htdocs\Proyecto_Final\system\Database\MySQLi\Connection.php(173): mysqli->real_connect('localhost', 'root', Object(SensitiveParameterValue), 'electrocordoba', 3306, '', 0)
#1 C:\xampp\htdocs\Proyecto_Final\system\Database\BaseConnection.php(391): CodeIgniter\Database\MySQLi\Connection->connect(false)
#2 C:\xampp\htdocs\Proyecto_Final\system\Database\BaseConnection.php(574): CodeIgniter\Database\BaseConnection->initialize()
#3 C:\xampp\htdocs\Proyecto_Final\system\Database\BaseBuilder.php(2309): CodeIgniter\Database\BaseConnection->query('INSERT INTO `us...', Array, false)
#4 C:\xampp\htdocs\Proyecto_Final\system\Model.php(330): CodeIgniter\Database\BaseBuilder->insert()
#5 C:\xampp\htdocs\Proyecto_Final\system\BaseModel.php(782): CodeIgniter\Model->doInsert(Array)
#6 C:\xampp\htdocs\Proyecto_Final\system\Model.php(730): CodeIgniter\BaseModel->insert(Array, true)
#7 C:\xampp\htdocs\Proyecto_Final\app\Controllers\Usuario.php(25): CodeIgniter\Model->insert(Array)
#8 C:\xampp\htdocs\Proyecto_Final\system\CodeIgniter.php(932): App\Controllers\Usuario->registrar()
#9 C:\xampp\htdocs\Proyecto_Final\system\CodeIgniter.php(497): CodeIgniter\CodeIgniter->runController(Object(App\Controllers\Usuario))
#10 C:\xampp\htdocs\Proyecto_Final\system\CodeIgniter.php(366): CodeIgniter\CodeIgniter->handleRequest(NULL, Object(Config\Cache), false)
#11 C:\xampp\htdocs\Proyecto_Final\public\index.php(67): CodeIgniter\CodeIgniter->run()
#12 {main}

Next CodeIgniter\Database\Exceptions\DatabaseException: Unknown database 'electrocordoba' in C:\xampp\htdocs\Proyecto_Final\system\Database\MySQLi\Connection.php:218
Stack trace:
#0 C:\xampp\htdocs\Proyecto_Final\system\Database\BaseConnection.php(391): CodeIgniter\Database\MySQLi\Connection->connect(false)
#1 C:\xampp\htdocs\Proyecto_Final\system\Database\BaseConnection.php(574): CodeIgniter\Database\BaseConnection->initialize()
#2 C:\xampp\htdocs\Proyecto_Final\system\Database\BaseBuilder.php(2309): CodeIgniter\Database\BaseConnection->query('INSERT INTO `us...', Array, false)
#3 C:\xampp\htdocs\Proyecto_Final\system\Model.php(330): CodeIgniter\Database\BaseBuilder->insert()
#4 C:\xampp\htdocs\Proyecto_Final\system\BaseModel.php(782): CodeIgniter\Model->doInsert(Array)
#5 C:\xampp\htdocs\Proyecto_Final\system\Model.php(730): CodeIgniter\BaseModel->insert(Array, true)
#6 C:\xampp\htdocs\Proyecto_Final\app\Controllers\Usuario.php(25): CodeIgniter\Model->insert(Array)
#7 C:\xampp\htdocs\Proyecto_Final\system\CodeIgniter.php(932): App\Controllers\Usuario->registrar()
#8 C:\xampp\htdocs\Proyecto_Final\system\CodeIgniter.php(497): CodeIgniter\CodeIgniter->runController(Object(App\Controllers\Usuario))
#9 C:\xampp\htdocs\Proyecto_Final\system\CodeIgniter.php(366): CodeIgniter\CodeIgniter->handleRequest(NULL, Object(Config\Cache), false)
#10 C:\xampp\htdocs\Proyecto_Final\public\index.php(67): CodeIgniter\CodeIgniter->run()
#11 {main}
CRITICAL - 2023-08-24 23:57:05 --> Unable to connect to the database.
Main connection [MySQLi]: Unknown database 'electrocordoba'
in SYSTEMPATH\Database\BaseConnection.php on line 427.
 1 SYSTEMPATH\Database\BaseConnection.php(574): CodeIgniter\Database\BaseConnection->initialize()
 2 SYSTEMPATH\Database\BaseBuilder.php(2309): CodeIgniter\Database\BaseConnection->query('INSERT INTO `usuario` (`email_usu`, `nombre_usu`, `tel_usu`, `cont_usu`) VALUES (:email_usu:, :nombre_usu:, :tel_usu:, :cont_usu:)', [...], false)
 3 SYSTEMPATH\Model.php(330): CodeIgniter\Database\BaseBuilder->insert()
 4 SYSTEMPATH\BaseModel.php(782): CodeIgniter\Model->doInsert([...])
 5 SYSTEMPATH\Model.php(730): CodeIgniter\BaseModel->insert([...], true)
 6 APPPATH\Controllers\Usuario.php(25): CodeIgniter\Model->insert([...])
 7 SYSTEMPATH\CodeIgniter.php(932): App\Controllers\Usuario->registrar()
 8 SYSTEMPATH\CodeIgniter.php(497): CodeIgniter\CodeIgniter->runController(Object(App\Controllers\Usuario))
 9 SYSTEMPATH\CodeIgniter.php(366): CodeIgniter\CodeIgniter->handleRequest(null, Object(Config\Cache), false)
10 FCPATH\index.php(67): CodeIgniter\CodeIgniter->run()
